  Building Custom Rule E:/workspace/games101/PA7Sync/Assignment7/CMakeLists.txt
  main.cpp
E:\workspace\games101\PA7Sync\Assignment7\global.hpp(19,46): warning C4244: “=”: 从“double”转换到“float”，可能丢失数据
E:\workspace\games101\PA7Sync\Assignment7\global.hpp(21,17): warning C4244: “初始化”: 从“double”转换到“float”，可能丢失数据
E:\workspace\games101\PA7Sync\Assignment7\global.hpp(45,13): warning C4244: “初始化”: 从“float”转换到“int”，可能丢失数据
E:\workspace\games101\PA7Sync\Assignment7\Ray.hpp(16,68): warning C4244: “参数”: 从“double”转换到“float”，可能丢失数据
E:\workspace\games101\PA7Sync\Assignment7\Ray.hpp(16,52): warning C4244: “参数”: 从“double”转换到“float”，可能丢失数据
E:\workspace\games101\PA7Sync\Assignment7\Ray.hpp(16,36): warning C4244: “参数”: 从“double”转换到“float”，可能丢失数据
E:\workspace\games101\PA7Sync\Assignment7\Ray.hpp(22,65): warning C4244: “参数”: 从“double”转换到“const float”，可能丢失数据
E:\workspace\games101\PA7Sync\Assignment7\Bounds3.hpp(20,41): warning C4244: “参数”: 从“double”转换到“float”，可能丢失数据
E:\workspace\games101\PA7Sync\Assignment7\Bounds3.hpp(20,33): warning C4244: “参数”: 从“double”转换到“float”，可能丢失数据
E:\workspace\games101\PA7Sync\Assignment7\Bounds3.hpp(20,25): warning C4244: “参数”: 从“double”转换到“float”，可能丢失数据
E:\workspace\games101\PA7Sync\Assignment7\Bounds3.hpp(21,41): warning C4244: “参数”: 从“double”转换到“float”，可能丢失数据
E:\workspace\games101\PA7Sync\Assignment7\Bounds3.hpp(21,33): warning C4244: “参数”: 从“double”转换到“float”，可能丢失数据
E:\workspace\games101\PA7Sync\Assignment7\Bounds3.hpp(21,25): warning C4244: “参数”: 从“double”转换到“float”，可能丢失数据
E:\workspace\games101\PA7Sync\Assignment7\Scene.hpp(23,30): warning C4305: “参数”: 从“double”到“float”截断
E:\workspace\games101\PA7Sync\Assignment7\Scene.hpp(25,27): warning C4305: “初始化”: 从“double”到“float”截断
E:\workspace\games101\PA7Sync\Assignment7\OBJ_Loader.hpp(944,33): warning C4244: “初始化”: 从“double”转换到“float”，可能丢失数据
E:\workspace\games101\PA7Sync\Assignment7\Triangle.hpp(181,23): warning C4244: “初始化”: 从“int”转换到“float”，可能丢失数据
E:\workspace\games101\PA7Sync\Assignment7\Triangle.hpp(184,1): warning C4305: “参数”: 从“double”到“float”截断
E:\workspace\games101\PA7Sync\Assignment7\Sphere.hpp(81,21): warning C4244: “初始化”: 从“double”转换到“float”，可能丢失数据
  Vector.cpp
  Scene.cpp
E:\workspace\games101\PA7Sync\Assignment7\global.hpp(19,46): warning C4244: “=”: 从“double”转换到“float”，可能丢失数据
E:\workspace\games101\PA7Sync\Assignment7\global.hpp(21,17): warning C4244: “初始化”: 从“double”转换到“float”，可能丢失数据
E:\workspace\games101\PA7Sync\Assignment7\global.hpp(45,13): warning C4244: “初始化”: 从“float”转换到“int”，可能丢失数据
E:\workspace\games101\PA7Sync\Assignment7\Ray.hpp(16,68): warning C4244: “参数”: 从“double”转换到“float”，可能丢失数据
E:\workspace\games101\PA7Sync\Assignment7\Ray.hpp(16,52): warning C4244: “参数”: 从“double”转换到“float”，可能丢失数据
E:\workspace\games101\PA7Sync\Assignment7\Ray.hpp(16,36): warning C4244: “参数”: 从“double”转换到“float”，可能丢失数据
E:\workspace\games101\PA7Sync\Assignment7\Ray.hpp(22,65): warning C4244: “参数”: 从“double”转换到“const float”，可能丢失数据
E:\workspace\games101\PA7Sync\Assignment7\Bounds3.hpp(20,41): warning C4244: “参数”: 从“double”转换到“float”，可能丢失数据
E:\workspace\games101\PA7Sync\Assignment7\Bounds3.hpp(20,33): warning C4244: “参数”: 从“double”转换到“float”，可能丢失数据
E:\workspace\games101\PA7Sync\Assignment7\Bounds3.hpp(20,25): warning C4244: “参数”: 从“double”转换到“float”，可能丢失数据
E:\workspace\games101\PA7Sync\Assignment7\Bounds3.hpp(21,41): warning C4244: “参数”: 从“double”转换到“float”，可能丢失数据
E:\workspace\games101\PA7Sync\Assignment7\Bounds3.hpp(21,33): warning C4244: “参数”: 从“double”转换到“float”，可能丢失数据
E:\workspace\games101\PA7Sync\Assignment7\Bounds3.hpp(21,25): warning C4244: “参数”: 从“double”转换到“float”，可能丢失数据
E:\workspace\games101\PA7Sync\Assignment7\Scene.hpp(23,30): warning C4305: “参数”: 从“double”到“float”截断
E:\workspace\games101\PA7Sync\Assignment7\Scene.hpp(25,27): warning C4305: “初始化”: 从“double”到“float”截断
  BVH.cpp
E:\workspace\games101\PA7Sync\Assignment7\global.hpp(19,46): warning C4244: “=”: 从“double”转换到“float”，可能丢失数据
E:\workspace\games101\PA7Sync\Assignment7\global.hpp(21,17): warning C4244: “初始化”: 从“double”转换到“float”，可能丢失数据
E:\workspace\games101\PA7Sync\Assignment7\global.hpp(45,13): warning C4244: “初始化”: 从“float”转换到“int”，可能丢失数据
E:\workspace\games101\PA7Sync\Assignment7\Ray.hpp(16,68): warning C4244: “参数”: 从“double”转换到“float”，可能丢失数据
E:\workspace\games101\PA7Sync\Assignment7\Ray.hpp(16,52): warning C4244: “参数”: 从“double”转换到“float”，可能丢失数据
E:\workspace\games101\PA7Sync\Assignment7\Ray.hpp(16,36): warning C4244: “参数”: 从“double”转换到“float”，可能丢失数据
E:\workspace\games101\PA7Sync\Assignment7\Ray.hpp(22,65): warning C4244: “参数”: 从“double”转换到“const float”，可能丢失数据
E:\workspace\games101\PA7Sync\Assignment7\Bounds3.hpp(20,41): warning C4244: “参数”: 从“double”转换到“float”，可能丢失数据
E:\workspace\games101\PA7Sync\Assignment7\Bounds3.hpp(20,33): warning C4244: “参数”: 从“double”转换到“float”，可能丢失数据
E:\workspace\games101\PA7Sync\Assignment7\Bounds3.hpp(20,25): warning C4244: “参数”: 从“double”转换到“float”，可能丢失数据
E:\workspace\games101\PA7Sync\Assignment7\Bounds3.hpp(21,41): warning C4244: “参数”: 从“double”转换到“float”，可能丢失数据
E:\workspace\games101\PA7Sync\Assignment7\Bounds3.hpp(21,33): warning C4244: “参数”: 从“double”转换到“float”，可能丢失数据
E:\workspace\games101\PA7Sync\Assignment7\Bounds3.hpp(21,25): warning C4244: “参数”: 从“double”转换到“float”，可能丢失数据
  Renderer.cpp
E:\workspace\games101\PA7Sync\Assignment7\global.hpp(19,46): warning C4244: “=”: 从“double”转换到“float”，可能丢失数据
E:\workspace\games101\PA7Sync\Assignment7\global.hpp(21,17): warning C4244: “初始化”: 从“double”转换到“float”，可能丢失数据
E:\workspace\games101\PA7Sync\Assignment7\global.hpp(45,13): warning C4244: “初始化”: 从“float”转换到“int”，可能丢失数据
E:\workspace\games101\PA7Sync\Assignment7\Ray.hpp(16,68): warning C4244: “参数”: 从“double”转换到“float”，可能丢失数据
E:\workspace\games101\PA7Sync\Assignment7\Ray.hpp(16,52): warning C4244: “参数”: 从“double”转换到“float”，可能丢失数据
E:\workspace\games101\PA7Sync\Assignment7\Ray.hpp(16,36): warning C4244: “参数”: 从“double”转换到“float”，可能丢失数据
E:\workspace\games101\PA7Sync\Assignment7\Ray.hpp(22,65): warning C4244: “参数”: 从“double”转换到“const float”，可能丢失数据
E:\workspace\games101\PA7Sync\Assignment7\Bounds3.hpp(20,41): warning C4244: “参数”: 从“double”转换到“float”，可能丢失数据
E:\workspace\games101\PA7Sync\Assignment7\Bounds3.hpp(20,33): warning C4244: “参数”: 从“double”转换到“float”，可能丢失数据
E:\workspace\games101\PA7Sync\Assignment7\Bounds3.hpp(20,25): warning C4244: “参数”: 从“double”转换到“float”，可能丢失数据
E:\workspace\games101\PA7Sync\Assignment7\Bounds3.hpp(21,41): warning C4244: “参数”: 从“double”转换到“float”，可能丢失数据
E:\workspace\games101\PA7Sync\Assignment7\Bounds3.hpp(21,33): warning C4244: “参数”: 从“double”转换到“float”，可能丢失数据
E:\workspace\games101\PA7Sync\Assignment7\Bounds3.hpp(21,25): warning C4244: “参数”: 从“double”转换到“float”，可能丢失数据
E:\workspace\games101\PA7Sync\Assignment7\Scene.hpp(23,30): warning C4305: “参数”: 从“double”到“float”截断
E:\workspace\games101\PA7Sync\Assignment7\Scene.hpp(25,27): warning C4305: “初始化”: 从“double”到“float”截断
E:\workspace\games101\PA7Sync\Assignment7\Renderer.cpp(10,60): warning C4244: “return”: 从“double”转换到“float”，可能丢失数据
E:\workspace\games101\PA7Sync\Assignment7\Renderer.cpp(12,30): warning C4305: “初始化”: 从“double”到“float”截断
E:\workspace\games101\PA7Sync\Assignment7\Renderer.cpp(21,41): warning C4244: “参数”: 从“double”转换到“const float”，可能丢失数据
E:\workspace\games101\PA7Sync\Assignment7\Renderer.cpp(29,28): warning C4018: “<”: 有符号/无符号不匹配
E:\workspace\games101\PA7Sync\Assignment7\Renderer.cpp(30,32): warning C4018: “<”: 有符号/无符号不匹配
E:\workspace\games101\PA7Sync\Assignment7\Renderer.cpp(32,21): warning C4244: “初始化”: 从“double”转换到“float”，可能丢失数据
E:\workspace\games101\PA7Sync\Assignment7\Renderer.cpp(34,21): warning C4244: “初始化”: 从“double”转换到“float”，可能丢失数据
E:\workspace\games101\PA7Sync\Assignment7\Renderer.cpp(38,73): warning C4244: “参数”: 从“int”转换到“const float”，可能丢失数据
E:\workspace\games101\PA7Sync\Assignment7\Renderer.cpp(47,16): warning C4996: 'fopen': This function or variable may be unsafe. Consider using fopen_s instead. To disable deprecation, use _CRT_SECURE_NO_WARNINGS. See online help for details.
  正在生成代码...
E:\workspace\games101\PA7Sync\Assignment7\Material.hpp(179): warning C4715: “Material::eval”: 不是所有的控件路径都返回值
E:\workspace\games101\PA7Sync\Assignment7\Material.hpp(162): warning C4715: “Material::pdf”: 不是所有的控件路径都返回值
  RayTracing.vcxproj -> E:\workspace\games101\PA7Sync\Assignment7\build\Debug\RayTracing.exe
